Target Part: A3PN250_VQFP100_STD
Report for cell tl758903.behavioral
  Core Cell usage:
              cell count     area count*area
               AO1     8      1.0        8.0
              AO16     1      1.0        1.0
              AO1A     2      1.0        2.0
              AOI1     9      1.0        9.0
              AX1C     1      1.0        1.0
             AXOI2     1      1.0        1.0
             AXOI4     2      1.0        2.0
              BUFF     1      1.0        1.0
               GND     7      0.0        0.0
               INV     2      1.0        2.0
              MAJ3     4      1.0        4.0
               MX2     7      1.0        7.0
              MX2A     2      1.0        2.0
              MX2C     1      1.0        1.0
              NOR2    10      1.0       10.0
             NOR2A    21      1.0       21.0
             NOR2B    37      1.0       37.0
              NOR3     3      1.0        3.0
             NOR3A     3      1.0        3.0
             NOR3B     4      1.0        4.0
             NOR3C    33      1.0       33.0
               OA1     3      1.0        3.0
              OA1A     2      1.0        2.0
              OA1C     2      1.0        2.0
               OR2     5      1.0        5.0
               OR3     9      1.0        9.0
              OR3B     1      1.0        1.0
              OR3C     1      1.0        1.0
               VCC     7      0.0        0.0
               XA1     2      1.0        2.0
              XA1A     1      1.0        1.0
              XA1B     1      1.0        1.0
              XA1C     1      1.0        1.0
              XAI1     1      1.0        1.0
             XNOR2     1      1.0        1.0
              XO1A     1      1.0        1.0
              XOR2     4      1.0        4.0
              XOR3     6      1.0        6.0
              ZOR3     2      1.0        2.0


              DFN1    22      1.0       22.0
            DFN1C1     1      1.0        1.0
            DFN1E0     5      1.0        5.0
            DFN1E1    13      1.0       13.0
          DFN1E1C1    17      1.0       17.0
          DFN1E1P1     6      1.0        6.0
          DLN1P1C1     4      2.0        8.0
                   -----          ----------
             TOTAL   277               267.0


  IO Cell usage:
              cell count
             BIBUF     8
            CLKBUF     1
             INBUF    25
            OUTBUF    16
                   -----
             TOTAL    50


Core Cells         : 267 of 6144 (4%)
IO Cells           : 50

  RAM/ROM Usage Summary
Block Rams : 0 of 8 (0%)

