Target Part: A3PN250_VQFP100_STD
Report for cell tl758903.behavioral
  Core Cell usage:
              cell count     area count*area
               AO1     7      1.0        7.0
              AO1A     2      1.0        2.0
              AO1C     1      1.0        1.0
              AOI1     6      1.0        6.0
              AX1C     1      1.0        1.0
              AX1D     1      1.0        1.0
             AXOI4     2      1.0        2.0
              BUFF     1      1.0        1.0
               GND     7      0.0        0.0
               INV     2      1.0        2.0
              MAJ3     3      1.0        3.0
              MIN3     1      1.0        1.0
               MX2    16      1.0       16.0
              MX2A     2      1.0        2.0
              MX2C     2      1.0        2.0
              NOR2     9      1.0        9.0
             NOR2A    14      1.0       14.0
             NOR2B    22      1.0       22.0
             NOR3A     9      1.0        9.0
             NOR3B    20      1.0       20.0
             NOR3C    24      1.0       24.0
               OA1    11      1.0       11.0
              OA1A     3      1.0        3.0
              OA1B     1      1.0        1.0
              OA1C     2      1.0        2.0
              OAI1     1      1.0        1.0
               OR2     2      1.0        2.0
               OR3     7      1.0        7.0
              OR3A     3      1.0        3.0
               VCC     7      0.0        0.0
               XA1     2      1.0        2.0
              XA1A     1      1.0        1.0
              XA1B     1      1.0        1.0
              XA1C     1      1.0        1.0
              XAI1     1      1.0        1.0
              XO1A     1      1.0        1.0
              XOR2     5      1.0        5.0
              XOR3     5      1.0        5.0
              ZOR3     2      1.0        2.0


              DFN1    20      1.0       20.0
            DFN1C1     1      1.0        1.0
            DFN1E0     7      1.0        7.0
            DFN1E1    13      1.0       13.0
          DFN1E1C1    19      1.0       19.0
          DFN1E1P1     6      1.0        6.0
          DLN1P1C1     4      2.0        8.0
                   -----          ----------
             TOTAL   278               268.0


  IO Cell usage:
              cell count
             BIBUF     8
            CLKBUF     1
             INBUF    25
            OUTBUF    16
                   -----
             TOTAL    50


Core Cells         : 268 of 6144 (4%)
IO Cells           : 50

  RAM/ROM Usage Summary
Block Rams : 0 of 8 (0%)

