FlashPro
Version: 11.9.2.1
Release: v11.9 SP2

Software Version: 11.9.2.1
Driver : 3.0.0 build 1
programmer '73223' : FlashPro4
Opened
'W:\W221000\W221081\INSTRUMENTS\9186\Electrical\Engineering\Source_Code\FPGA\i75_8903\designer\\
impl1\tl758903_fp\tl758903.pro'
PDB file
'W:\W221000\W221081\INSTRUMENTS\9186\Electrical\Engineering\Source_Code\FPGA\i75_8903\designer\\
impl1\tl758903.pdb' has been loaded successfully.
DESIGN : tl758903;  CHECKSUM : CA01;  PDB_VERSION : 1.9
programmer '73223' : Scan Chain...
programmer '73223' : Scan Chain PASSED.
programmer '73223' : Executing action PROGRAM
programmer '73223' : EXPORT FSN[48] = 01a65e286855
programmer '73223' : Erase ...
programmer '73223' : Completed erase
programmer '73223' : EXPORT CHECKSUM[16] = ca01
programmer '73223' : Programming FPGA Array
programmer '73223' : Verifying FPGA Array
programmer '73223' :         Verifying FPGA Array -- pass
programmer '73223' : Finished: Mon Nov 22 08:38:00 2021 (Elapsed time 00:00:29)
programmer '73223' : Executing action PROGRAM PASSED.

                        o - o - o - o - o - o

Warning: Project 'tl758903' has been modified. Do you want to save it? [NO]
Project closed.
