
Starting:    C:\Microsemi\Libero_SoC_v11.9\SynplifyPro\bin64\mbin\synbatch.exe
Install:     C:\Microsemi\Libero_SoC_v11.9\SynplifyPro
Hostname:    JMORRISON10
Date:        Tue Jun 28 11:53:42 2022
Version:     L-2016.09M-SP1-5

Arguments:   -product synplify_pro -licensetype synplifypro_actel -batch -log synplify.log top_level_syn.tcl
ProductType: synplify_pro

License checkout: synplifypro_actel
License: synplifypro_actel node-locked 
Licensed Vendor: actel
License Option: actel_oem

Running in Vendor Mode


auto_infer_blackbox is not supported in current product.

log file: "C:\_SWork\Local_Repos\10-9320\FPGA\i75-9880\synthesis\top_level.srr"

Running: synthesis in foreground



Running top_level_syn|synthesis


Running: compile (Compile) on top_level_syn|synthesis
# Tue Jun 28 11:53:42 2022


Running: compile_flow (Compile Process) on top_level_syn|synthesis
# Tue Jun 28 11:53:42 2022


Running: compiler (Compile Input) on top_level_syn|synthesis
# Tue Jun 28 11:53:42 2022

Copied C:\_SWork\Local_Repos\10-9320\FPGA\i75-9880\synthesis\synwork\top_level_comp.srs to C:\_SWork\Local_Repos\10-9320\FPGA\i75-9880\synthesis\top_level.srs


compiler completed
# Tue Jun 28 11:53:43 2022

Return Code: 0
Run Time:00h:00m:01s


Running: multi_srs_gen (Multi-srs Generator) on top_level_syn|synthesis
# Tue Jun 28 11:53:43 2022


multi_srs_gen completed
# Tue Jun 28 11:53:43 2022

Return Code: 0
Run Time:00h:00m:00s

Copied C:\_SWork\Local_Repos\10-9320\FPGA\i75-9880\synthesis\synwork\top_level_mult.srs to C:\_SWork\Local_Repos\10-9320\FPGA\i75-9880\synthesis\top_level.srs

Complete: Compile Process on top_level_syn|synthesis


Running: premap (Pre-mapping) on top_level_syn|synthesis
# Tue Jun 28 11:53:43 2022


premap completed with warnings
# Tue Jun 28 11:53:44 2022

Return Code: 1
Run Time:00h:00m:01s

Complete: Compile on top_level_syn|synthesis


Running: map (Map) on top_level_syn|synthesis
# Tue Jun 28 11:53:44 2022

License granted for 4 parallel jobs


Running: fpga_mapper (Map & Optimize) on top_level_syn|synthesis
# Tue Jun 28 11:53:44 2022

Copied C:\_SWork\Local_Repos\10-9320\FPGA\i75-9880\synthesis\synwork\top_level_m.srm to C:\_SWork\Local_Repos\10-9320\FPGA\i75-9880\synthesis\top_level.srm


fpga_mapper completed with warnings
# Tue Jun 28 11:53:45 2022

Return Code: 1
Run Time:00h:00m:01s

Complete: Map on top_level_syn|synthesis

Complete: Logic Synthesis on top_level_syn|synthesis

TCL script complete: "top_level_syn.tcl"

exit status=0

exit status=0

License checkin: synplifypro_actel

