
Starting:    C:\Microsemi\Libero_SoC_v11.9\SynplifyPro\bin64\mbin\synbatch.exe
Install:     C:\Microsemi\Libero_SoC_v11.9\SynplifyPro
Hostname:    DBRADSHAW10
Date:        Mon Nov 22 08:02:36 2021
Version:     L-2016.09M-SP1-5

Arguments:   -product synplify_pro -licensetype synplifypro_actel -batch -log synplify.log tl758903_syn.tcl
ProductType: synplify_pro

License checkout: synplifypro_actel
License: synplifypro_actel node-locked 
Licensed Vendor: actel
License Option: actel_oem

Running in Vendor Mode


auto_infer_blackbox is not supported in current product.

log file: "W:\W221000\W221081\INSTRUMENTS\9186\Electrical\Engineering\Source_Code\FPGA\i75_8903\synthesis\tl758903.srr"

Running: synthesis in foreground



Running tl758903_syn|synthesis


Running: compile (Compile) on tl758903_syn|synthesis
# Mon Nov 22 08:02:38 2021


Running: compile_flow (Compile Process) on tl758903_syn|synthesis
# Mon Nov 22 08:02:38 2021


Running: compiler (Compile Input) on tl758903_syn|synthesis
# Mon Nov 22 08:02:38 2021

Copied W:\W221000\W221081\INSTRUMENTS\9186\Electrical\Engineering\Source_Code\FPGA\i75_8903\synthesis\synwork\tl758903_comp.srs to W:\W221000\W221081\INSTRUMENTS\9186\Electrical\Engineering\Source_Code\FPGA\i75_8903\synthesis\tl758903.srs


compiler completed
# Mon Nov 22 08:02:41 2021

Return Code: 0
Run Time:00h:00m:03s


Running: multi_srs_gen (Multi-srs Generator) on tl758903_syn|synthesis
# Mon Nov 22 08:02:41 2021


multi_srs_gen completed
# Mon Nov 22 08:02:41 2021

Return Code: 0
Run Time:00h:00m:00s

Copied W:\W221000\W221081\INSTRUMENTS\9186\Electrical\Engineering\Source_Code\FPGA\i75_8903\synthesis\synwork\tl758903_mult.srs to W:\W221000\W221081\INSTRUMENTS\9186\Electrical\Engineering\Source_Code\FPGA\i75_8903\synthesis\tl758903.srs

Complete: Compile Process on tl758903_syn|synthesis


Running: premap (Pre-mapping) on tl758903_syn|synthesis
# Mon Nov 22 08:02:41 2021


premap completed with warnings
# Mon Nov 22 08:02:44 2021

Return Code: 1
Run Time:00h:00m:03s

Complete: Compile on tl758903_syn|synthesis


Running: map (Map) on tl758903_syn|synthesis
# Mon Nov 22 08:02:44 2021

License granted for 4 parallel jobs


Running: fpga_mapper (Map & Optimize) on tl758903_syn|synthesis
# Mon Nov 22 08:02:44 2021

Copied W:\W221000\W221081\INSTRUMENTS\9186\Electrical\Engineering\Source_Code\FPGA\i75_8903\synthesis\synwork\tl758903_m.srm to W:\W221000\W221081\INSTRUMENTS\9186\Electrical\Engineering\Source_Code\FPGA\i75_8903\synthesis\tl758903.srm


fpga_mapper completed with warnings
# Mon Nov 22 08:02:47 2021

Return Code: 1
Run Time:00h:00m:03s

Complete: Map on tl758903_syn|synthesis

Complete: Logic Synthesis on tl758903_syn|synthesis

TCL script complete: "tl758903_syn.tcl"

exit status=0

exit status=0

License checkin: synplifypro_actel

